<?xml version="1.0" encoding="UTF-8"?>
<coverage generated="1462046641">
  <project timestamp="1462046641">
    <package name="phpzeiro">
      <file name="/home/pompeu/Documents/dev/php/string-calculator-kata/src/Calculator.php">
        <class name="Calculator" namespace="phpzeiro">
          <metrics complexity="9" methods="3" coveredmethods="3" conditionals="0" coveredconditionals="0" statements="20" coveredstatements="20" elements="23" coveredelements="23"/>
        </class>
        <line num="6" type="method" name="get_delimiter" visibility="private" complexity="2" crap="2" count="7"/>
        <line num="8" type="stmt" count="7"/>
        <line num="10" type="stmt" count="1"/>
        <line num="13" type="stmt" count="6"/>
        <line num="16" type="method" name="has_negativeNumber" visibility="private" complexity="4" crap="4" count="7"/>
        <line num="18" type="stmt" count="7"/>
        <line num="20" type="stmt" count="7"/>
        <line num="21" type="stmt" count="7"/>
        <line num="23" type="stmt" count="7"/>
        <line num="27" type="stmt" count="7"/>
        <line num="29" type="stmt" count="2"/>
        <line num="32" type="stmt" count="5"/>
        <line num="36" type="method" name="sum_str" visibility="public" complexity="3" crap="3" count="8"/>
        <line num="37" type="stmt" count="8"/>
        <line num="39" type="stmt" count="1"/>
        <line num="42" type="stmt" count="7"/>
        <line num="44" type="stmt" count="7"/>
        <line num="45" type="stmt" count="7"/>
        <line num="46" type="stmt" count="7"/>
        <line num="48" type="stmt" count="5"/>
        <line num="49" type="stmt" count="5"/>
        <line num="51" type="stmt" count="5"/>
        <line num="54" type="stmt" count="5"/>
        <metrics loc="56" ncloc="56" classes="1" methods="3" coveredmethods="3" conditionals="0" coveredconditionals="0" statements="20" coveredstatements="20" elements="23" coveredelements="23"/>
      </file>
    </package>
    <metrics files="1" loc="56" ncloc="56" classes="1" methods="3" coveredmethods="3" conditionals="0" coveredconditionals="0" statements="20" coveredstatements="20" elements="23" coveredelements="23"/>
  </project>
</coverage>
